[2023-07-07 21:02:10] Текст ошибки: Error exception! | Файл: C:\OSPanel\domains\new-ishop.loc\public\index.php | Строка: 11
=================
[2023-07-07 21:02:10] Текст ошибки: Error exception! | Файл: C:\OSPanel\domains\new-ishop.loc\public\index.php | Строка: 11
=================
[2023-07-07 21:07:44] Текст ошибки: Error exception! | Файл: C:\OSPanel\domains\new-ishop.loc\public\index.php | Строка: 11
=================
[2023-07-07 21:07:45] Текст ошибки: Error exception! | Файл: C:\OSPanel\domains\new-ishop.loc\public\index.php | Строка: 11
=================
[2023-07-07 21:07:46] Текст ошибки: Error exception! | Файл: C:\OSPanel\domains\new-ishop.loc\public\index.php | Строка: 11
=================
[2023-07-07 21:07:46] Текст ошибки: Error exception! | Файл: C:\OSPanel\domains\new-ishop.loc\public\index.php | Строка: 11
=================
[2023-07-07 21:07:46] Текст ошибки: Error exception! | Файл: C:\OSPanel\domains\new-ishop.loc\public\index.php | Строка: 11
=================
[2023-07-07 21:08:06] Текст ошибки: Error exception! | Файл: C:\OSPanel\domains\new-ishop.loc\public\index.php | Строка: 11
=================
[2023-07-07 21:08:07] Текст ошибки: Error exception! | Файл: C:\OSPanel\domains\new-ishop.loc\public\index.php | Строка: 11
=================
[2023-07-07 21:09:12] Текст ошибки: Error exception! | Файл: C:\OSPanel\domains\new-ishop.loc\public\index.php | Строка: 11
=================
[2023-07-07 21:09:13] Текст ошибки: Error exception! | Файл: C:\OSPanel\domains\new-ishop.loc\public\index.php | Строка: 11
=================
[2023-07-07 21:09:13] Текст ошибки: Error exception! | Файл: C:\OSPanel\domains\new-ishop.loc\public\index.php | Строка: 11
=================
[2023-07-07 21:09:13] Текст ошибки: Error exception! | Файл: C:\OSPanel\domains\new-ishop.loc\public\index.php | Строка: 11
=================
[2023-07-07 21:09:13] Текст ошибки: Error exception! | Файл: C:\OSPanel\domains\new-ishop.loc\public\index.php | Строка: 11
=================
[2023-07-07 21:09:13] Текст ошибки: Error exception! | Файл: C:\OSPanel\domains\new-ishop.loc\public\index.php | Строка: 11
=================
[2023-07-07 21:09:14] Текст ошибки: Error exception! | Файл: C:\OSPanel\domains\new-ishop.loc\public\index.php | Строка: 11
=================
[2023-07-07 21:09:14] Текст ошибки: Error exception! | Файл: C:\OSPanel\domains\new-ishop.loc\public\index.php | Строка: 11
=================
[2023-07-07 21:09:14] Текст ошибки: Error exception! | Файл: C:\OSPanel\domains\new-ishop.loc\public\index.php | Строка: 11
=================
[2023-07-07 21:09:14] Текст ошибки: Error exception! | Файл: C:\OSPanel\domains\new-ishop.loc\public\index.php | Строка: 11
=================
[2023-07-07 21:09:53] Текст ошибки: Error exception! | Файл: C:\OSPanel\domains\new-ishop.loc\public\index.php | Строка: 11
=================
[2023-07-10 18:38:09] Текст ошибки: Error exception! | Файл: C:\OSPanel\domains\new-ishop.loc\public\index.php | Строка: 13
=================
[2023-07-10 20:16:08] Текст ошибки: Undefined array key "admin_prefix" | Файл: C:\OSPanel\domains\new-ishop.loc\vendor\wfm\Router.php | Строка: 31
=================
[2023-07-10 20:16:18] Текст ошибки: Undefined array key "admin_prefix" | Файл: C:\OSPanel\domains\new-ishop.loc\vendor\wfm\Router.php | Строка: 31
=================
[2023-07-13 20:39:36] Текст ошибки: preg_match(): Allocation of JIT memory failed, PCRE JIT will be disabled. This is likely caused by security restrictions. Either grant PHP permission to allocate executable memory, or set pcre.jit=0 | Файл: C:\OSPanel\domains\new-ishop.loc\vendor\wfm\Router.php | Строка: 68
=================
[2023-07-13 20:39:36] Текст ошибки: Call to undefined method app\controllers\MainController::getView() | Файл: C:\OSPanel\domains\new-ishop.loc\vendor\wfm\Router.php | Строка: 52
=================
[2023-07-13 20:39:36] Текст ошибки: Страница не найдена | Файл: C:\OSPanel\domains\new-ishop.loc\vendor\wfm\Router.php | Строка: 61
=================
[2023-07-13 20:39:45] Текст ошибки: Call to undefined method app\controllers\MainController::getView() | Файл: C:\OSPanel\domains\new-ishop.loc\vendor\wfm\Router.php | Строка: 52
=================
[2023-07-13 20:39:46] Текст ошибки: Страница не найдена | Файл: C:\OSPanel\domains\new-ishop.loc\vendor\wfm\Router.php | Строка: 61
=================
[2023-07-13 20:40:47] Текст ошибки: Call to undefined method app\controllers\admin\MainController::getView() | Файл: C:\OSPanel\domains\new-ishop.loc\vendor\wfm\Router.php | Строка: 52
=================
[2023-07-13 20:41:46] Текст ошибки: Не найден вид C:\OSPanel\domains\new-ishop.loc/app/views/admin/Main/index.php | Файл: C:\OSPanel\domains\new-ishop.loc\vendor\wfm\View.php | Строка: 38
=================
[2023-07-13 20:41:47] Текст ошибки: Не найден вид C:\OSPanel\domains\new-ishop.loc/app/views/admin/Main/index.php | Файл: C:\OSPanel\domains\new-ishop.loc\vendor\wfm\View.php | Строка: 38
=================
[2023-07-13 20:41:48] Текст ошибки: Не найден вид C:\OSPanel\domains\new-ishop.loc/app/views/admin/Main/index.php | Файл: C:\OSPanel\domains\new-ishop.loc\vendor\wfm\View.php | Строка: 38
=================
[2023-07-13 20:41:48] Текст ошибки: Не найден вид C:\OSPanel\domains\new-ishop.loc/app/views/admin/Main/index.php | Файл: C:\OSPanel\domains\new-ishop.loc\vendor\wfm\View.php | Строка: 38
=================
[2023-07-13 20:41:48] Текст ошибки: Не найден вид C:\OSPanel\domains\new-ishop.loc/app/views/admin/Main/index.php | Файл: C:\OSPanel\domains\new-ishop.loc\vendor\wfm\View.php | Строка: 38
=================
[2023-07-15 14:14:57] Текст ошибки: Страница не найдена | Файл: C:\OSPanel\domains\new-ishop.loc\vendor\wfm\Router.php | Строка: 61
=================
[2023-07-15 14:15:15] Текст ошибки: Страница не найдена | Файл: C:\OSPanel\domains\new-ishop.loc\vendor\wfm\Router.php | Строка: 61
=================
[2023-07-15 14:15:15] Текст ошибки: Страница не найдена | Файл: C:\OSPanel\domains\new-ishop.loc\vendor\wfm\Router.php | Строка: 61
=================
[2023-07-15 14:39:19] Текст ошибки: Undefined constant "app\controllers\names" | Файл: C:\OSPanel\domains\new-ishop.loc\app\controllers\MainController.php | Строка: 16
=================
[2023-07-20 17:17:53] Текст ошибки: Не найден вид C:\OSPanel\domains\new-ishop.loc/app/views/Product/view.php | Файл: C:\OSPanel\domains\new-ishop.loc\vendor\wfm\View.php | Строка: 39
=================
[2023-07-20 17:17:53] Текст ошибки: Страница не найдена | Файл: C:\OSPanel\domains\new-ishop.loc\vendor\wfm\Router.php | Строка: 65
=================
[2023-07-20 17:17:58] Текст ошибки: wfm\Registry::getProperty(): Return value must be of type ?array, string returned | Файл: C:\OSPanel\domains\new-ishop.loc\vendor\wfm\Registry.php | Строка: 18
=================
[2023-07-20 17:18:01] Текст ошибки: wfm\Registry::getProperty(): Return value must be of type ?array, string returned | Файл: C:\OSPanel\domains\new-ishop.loc\vendor\wfm\Registry.php | Строка: 18
=================
[2023-07-20 17:18:51] Текст ошибки: wfm\Registry::getProperty(): Return value must be of type ?array, string returned | Файл: C:\OSPanel\domains\new-ishop.loc\vendor\wfm\Registry.php | Строка: 18
=================
[2023-07-20 17:18:52] Текст ошибки: wfm\Registry::getProperty(): Return value must be of type ?array, string returned | Файл: C:\OSPanel\domains\new-ishop.loc\vendor\wfm\Registry.php | Строка: 18
=================
[2023-07-20 17:19:27] Текст ошибки: Call to a member function getDatabase() on null | Файл: C:\OSPanel\domains\new-ishop.loc\vendor\wfm\View.php | Строка: 66
=================
[2023-07-20 17:19:27] Текст ошибки: Страница не найдена | Файл: C:\OSPanel\domains\new-ishop.loc\vendor\wfm\Router.php | Строка: 65
=================
[2023-07-20 17:19:27] Текст ошибки: Страница не найдена | Файл: C:\OSPanel\domains\new-ishop.loc\vendor\wfm\Router.php | Строка: 65
=================
[2023-07-20 17:19:27] Текст ошибки: Страница не найдена | Файл: C:\OSPanel\domains\new-ishop.loc\vendor\wfm\Router.php | Строка: 65
=================
[2023-07-20 17:19:27] Текст ошибки: Страница не найдена | Файл: C:\OSPanel\domains\new-ishop.loc\vendor\wfm\Router.php | Строка: 65
=================
[2023-07-20 17:19:27] Текст ошибки: Страница не найдена | Файл: C:\OSPanel\domains\new-ishop.loc\vendor\wfm\Router.php | Строка: 65
=================
[2023-07-21 17:14:48] Текст ошибки: Class "app\widgets\language\Language" not found | Файл: C:\OSPanel\domains\new-ishop.loc\app\controllers\AppController.php | Строка: 21
=================
[2023-07-21 17:18:01] Текст ошибки: Class "app\widgets\language\Language" not found | Файл: C:\OSPanel\domains\new-ishop.loc\app\controllers\AppController.php | Строка: 21
=================
[2023-07-21 17:18:02] Текст ошибки: Class "app\widgets\language\Language" not found | Файл: C:\OSPanel\domains\new-ishop.loc\app\controllers\AppController.php | Строка: 21
=================
[2023-07-21 17:18:02] Текст ошибки: Class "app\widgets\language\Language" not found | Файл: C:\OSPanel\domains\new-ishop.loc\app\controllers\AppController.php | Строка: 21
=================
[2023-07-21 17:18:03] Текст ошибки: Class "app\widgets\language\Language" not found | Файл: C:\OSPanel\domains\new-ishop.loc\app\controllers\AppController.php | Строка: 21
=================
[2023-07-21 17:18:03] Текст ошибки: Class "app\widgets\language\Language" not found | Файл: C:\OSPanel\domains\new-ishop.loc\app\controllers\AppController.php | Строка: 21
=================
[2023-07-21 17:18:03] Текст ошибки: Class "app\widgets\language\Language" not found | Файл: C:\OSPanel\domains\new-ishop.loc\app\controllers\AppController.php | Строка: 21
=================
[2023-07-21 17:18:03] Текст ошибки: Class "app\widgets\language\Language" not found | Файл: C:\OSPanel\domains\new-ishop.loc\app\controllers\AppController.php | Строка: 21
=================
[2023-07-21 17:18:03] Текст ошибки: Class "app\widgets\language\Language" not found | Файл: C:\OSPanel\domains\new-ishop.loc\app\controllers\AppController.php | Строка: 21
=================
[2023-07-21 17:18:04] Текст ошибки: Class "app\widgets\language\Language" not found | Файл: C:\OSPanel\domains\new-ishop.loc\app\controllers\AppController.php | Строка: 21
=================
[2023-07-21 17:18:28] Текст ошибки: Class "app\widgets\language\Language" not found | Файл: C:\OSPanel\domains\new-ishop.loc\app\controllers\AppController.php | Строка: 21
=================
[2023-07-21 17:18:28] Текст ошибки: Страница не найдена | Файл: C:\OSPanel\domains\new-ishop.loc\vendor\wfm\Router.php | Строка: 65
=================
[2023-07-21 17:18:28] Текст ошибки: Class "app\widgets\language\Language" not found | Файл: C:\OSPanel\domains\new-ishop.loc\app\controllers\AppController.php | Строка: 21
=================
[2023-07-21 17:18:29] Текст ошибки: Страница не найдена | Файл: C:\OSPanel\domains\new-ishop.loc\vendor\wfm\Router.php | Строка: 65
=================
[2023-07-21 17:18:29] Текст ошибки: Class "app\widgets\language\Language" not found | Файл: C:\OSPanel\domains\new-ishop.loc\app\controllers\AppController.php | Строка: 21
=================
[2023-07-21 17:18:29] Текст ошибки: Страница не найдена | Файл: C:\OSPanel\domains\new-ishop.loc\vendor\wfm\Router.php | Строка: 65
=================
[2023-07-21 17:18:29] Текст ошибки: Class "app\widgets\language\Language" not found | Файл: C:\OSPanel\domains\new-ishop.loc\app\controllers\AppController.php | Строка: 21
=================
[2023-07-21 17:18:29] Текст ошибки: Страница не найдена | Файл: C:\OSPanel\domains\new-ishop.loc\vendor\wfm\Router.php | Строка: 65
=================
[2023-07-21 17:18:29] Текст ошибки: Class "app\widgets\language\Language" not found | Файл: C:\OSPanel\domains\new-ishop.loc\app\controllers\AppController.php | Строка: 21
=================
[2023-07-21 17:18:29] Текст ошибки: Страница не найдена | Файл: C:\OSPanel\domains\new-ishop.loc\vendor\wfm\Router.php | Строка: 65
=================
[2023-07-21 17:18:29] Текст ошибки: Class "app\widgets\language\Language" not found | Файл: C:\OSPanel\domains\new-ishop.loc\app\controllers\AppController.php | Строка: 21
=================
[2023-07-21 17:18:29] Текст ошибки: Страница не найдена | Файл: C:\OSPanel\domains\new-ishop.loc\vendor\wfm\Router.php | Строка: 65
=================
[2023-07-21 17:18:29] Текст ошибки: Class "app\widgets\language\Language" not found | Файл: C:\OSPanel\domains\new-ishop.loc\app\controllers\AppController.php | Строка: 21
=================
[2023-07-21 17:18:30] Текст ошибки: Страница не найдена | Файл: C:\OSPanel\domains\new-ishop.loc\vendor\wfm\Router.php | Строка: 65
=================
[2023-07-21 17:18:30] Текст ошибки: Class "app\widgets\language\Language" not found | Файл: C:\OSPanel\domains\new-ishop.loc\app\controllers\AppController.php | Строка: 21
=================
[2023-07-21 17:18:30] Текст ошибки: Страница не найдена | Файл: C:\OSPanel\domains\new-ishop.loc\vendor\wfm\Router.php | Строка: 65
=================
[2023-07-21 17:18:30] Текст ошибки: Class "app\widgets\language\Language" not found | Файл: C:\OSPanel\domains\new-ishop.loc\app\controllers\AppController.php | Строка: 21
=================
[2023-07-21 17:18:30] Текст ошибки: Страница не найдена | Файл: C:\OSPanel\domains\new-ishop.loc\vendor\wfm\Router.php | Строка: 65
=================
[2023-07-21 17:18:30] Текст ошибки: Class "app\widgets\language\Language" not found | Файл: C:\OSPanel\domains\new-ishop.loc\app\controllers\AppController.php | Строка: 21
=================
[2023-07-21 17:18:30] Текст ошибки: Страница не найдена | Файл: C:\OSPanel\domains\new-ishop.loc\vendor\wfm\Router.php | Строка: 65
=================
[2023-07-21 17:18:45] Текст ошибки: Страница не найдена | Файл: C:\OSPanel\domains\new-ishop.loc\vendor\wfm\Router.php | Строка: 65
=================
[2023-07-21 17:18:45] Текст ошибки: Страница не найдена | Файл: C:\OSPanel\domains\new-ishop.loc\vendor\wfm\Router.php | Строка: 65
=================
[2023-07-21 17:18:45] Текст ошибки: Страница не найдена | Файл: C:\OSPanel\domains\new-ishop.loc\vendor\wfm\Router.php | Строка: 65
=================
[2023-07-21 17:18:45] Текст ошибки: Страница не найдена | Файл: C:\OSPanel\domains\new-ishop.loc\vendor\wfm\Router.php | Строка: 65
=================
[2023-07-21 17:18:45] Текст ошибки: Страница не найдена | Файл: C:\OSPanel\domains\new-ishop.loc\vendor\wfm\Router.php | Строка: 65
=================
[2023-07-21 17:19:09] Текст ошибки: Страница не найдена | Файл: C:\OSPanel\domains\new-ishop.loc\vendor\wfm\Router.php | Строка: 65
=================
[2023-07-21 17:19:09] Текст ошибки: Страница не найдена | Файл: C:\OSPanel\domains\new-ishop.loc\vendor\wfm\Router.php | Строка: 65
=================
[2023-07-21 17:19:09] Текст ошибки: Страница не найдена | Файл: C:\OSPanel\domains\new-ishop.loc\vendor\wfm\Router.php | Строка: 65
=================
[2023-07-21 17:19:09] Текст ошибки: Страница не найдена | Файл: C:\OSPanel\domains\new-ishop.loc\vendor\wfm\Router.php | Строка: 65
=================
[2023-07-21 17:19:09] Текст ошибки: Страница не найдена | Файл: C:\OSPanel\domains\new-ishop.loc\vendor\wfm\Router.php | Строка: 65
=================
[2023-07-21 17:19:26] Текст ошибки: Страница не найдена | Файл: C:\OSPanel\domains\new-ishop.loc\vendor\wfm\Router.php | Строка: 65
=================
[2023-07-21 17:19:26] Текст ошибки: Страница не найдена | Файл: C:\OSPanel\domains\new-ishop.loc\vendor\wfm\Router.php | Строка: 65
=================
[2023-07-21 17:19:26] Текст ошибки: Страница не найдена | Файл: C:\OSPanel\domains\new-ishop.loc\vendor\wfm\Router.php | Строка: 65
=================
[2023-07-21 17:19:26] Текст ошибки: Страница не найдена | Файл: C:\OSPanel\domains\new-ishop.loc\vendor\wfm\Router.php | Строка: 65
=================
[2023-07-21 17:19:26] Текст ошибки: Страница не найдена | Файл: C:\OSPanel\domains\new-ishop.loc\vendor\wfm\Router.php | Строка: 65
=================
[2023-07-21 17:19:32] Текст ошибки: Class "app\widgets\language\Language" not found | Файл: C:\OSPanel\domains\new-ishop.loc\app\controllers\AppController.php | Строка: 21
=================
[2023-07-21 17:19:32] Текст ошибки: Страница не найдена | Файл: C:\OSPanel\domains\new-ishop.loc\vendor\wfm\Router.php | Строка: 65
=================
[2023-07-21 17:20:16] Текст ошибки: Страница не найдена | Файл: C:\OSPanel\domains\new-ishop.loc\vendor\wfm\Router.php | Строка: 65
=================
[2023-07-21 17:20:16] Текст ошибки: Страница не найдена | Файл: C:\OSPanel\domains\new-ishop.loc\vendor\wfm\Router.php | Строка: 65
=================
[2023-07-21 17:20:16] Текст ошибки: Страница не найдена | Файл: C:\OSPanel\domains\new-ishop.loc\vendor\wfm\Router.php | Строка: 65
=================
[2023-07-21 17:20:16] Текст ошибки: Страница не найдена | Файл: C:\OSPanel\domains\new-ishop.loc\vendor\wfm\Router.php | Строка: 65
=================
[2023-07-21 17:20:16] Текст ошибки: Страница не найдена | Файл: C:\OSPanel\domains\new-ishop.loc\vendor\wfm\Router.php | Строка: 65
=================
[2023-07-22 16:26:27] Текст ошибки: Страница не найдена | Файл: C:\OSPanel\domains\new-ishop.loc\vendor\wfm\Router.php | Строка: 69
=================
[2023-07-22 16:26:27] Текст ошибки: Страница не найдена | Файл: C:\OSPanel\domains\new-ishop.loc\vendor\wfm\Router.php | Строка: 69
=================
[2023-07-22 16:26:27] Текст ошибки: Страница не найдена | Файл: C:\OSPanel\domains\new-ishop.loc\vendor\wfm\Router.php | Строка: 69
=================
[2023-07-22 16:26:27] Текст ошибки: Страница не найдена | Файл: C:\OSPanel\domains\new-ishop.loc\vendor\wfm\Router.php | Строка: 69
=================
[2023-07-22 16:26:27] Текст ошибки: Страница не найдена | Файл: C:\OSPanel\domains\new-ishop.loc\vendor\wfm\Router.php | Строка: 69
=================
[2023-07-22 16:27:30] Текст ошибки: require_once(C:\OSPanel\domains\new-ishop.loc\app\widgets\languagelang_tpl.php): Failed to open stream: No such file or directory | Файл: C:\OSPanel\domains\new-ishop.loc\app\widgets\language\Language.php | Строка: 55
=================
[2023-07-22 16:28:06] Текст ошибки: Страница не найдена | Файл: C:\OSPanel\domains\new-ishop.loc\vendor\wfm\Router.php | Строка: 69
=================
[2023-07-22 16:28:06] Текст ошибки: Страница не найдена | Файл: C:\OSPanel\domains\new-ishop.loc\vendor\wfm\Router.php | Строка: 69
=================
[2023-07-23 12:50:28] Текст ошибки: Страница не найдена | Файл: C:\OSPanel\domains\new-ishop.loc\vendor\wfm\Router.php | Строка: 69
=================
[2023-07-23 12:50:29] Текст ошибки: Страница не найдена | Файл: C:\OSPanel\domains\new-ishop.loc\vendor\wfm\Router.php | Строка: 69
=================
[2023-07-24 14:26:21] Текст ошибки: Страница не найдена | Файл: C:\OSPanel\domains\new-ishop.loc\vendor\wfm\Router.php | Строка: 69
=================
[2023-07-24 14:26:22] Текст ошибки: Страница не найдена | Файл: C:\OSPanel\domains\new-ishop.loc\vendor\wfm\Router.php | Строка: 69
=================
[2023-07-24 14:35:27] Текст ошибки: Страница не найдена | Файл: C:\OSPanel\domains\new-ishop.loc\vendor\wfm\Router.php | Строка: 69
=================
[2023-07-24 14:35:27] Текст ошибки: Страница не найдена | Файл: C:\OSPanel\domains\new-ishop.loc\vendor\wfm\Router.php | Строка: 69
=================
[2023-07-24 14:35:27] Текст ошибки: Страница не найдена | Файл: C:\OSPanel\domains\new-ishop.loc\vendor\wfm\Router.php | Строка: 69
=================
[2023-07-24 14:35:27] Текст ошибки: Страница не найдена | Файл: C:\OSPanel\domains\new-ishop.loc\vendor\wfm\Router.php | Строка: 69
=================
[2023-07-29 08:30:00] Текст ошибки: Контроллер app\controllers\CategoryController не найден | Файл: C:\OSPanel\domains\new-ishop.loc\vendor\wfm\Router.php | Строка: 65
=================
[2023-07-30 10:31:44] Текст ошибки: Контроллер app\controllers\CartController не найден | Файл: C:\OSPanel\domains\new-ishop.loc\vendor\wfm\Router.php | Строка: 65
=================
[2023-07-30 10:31:44] Текст ошибки: Страница не найдена | Файл: C:\OSPanel\domains\new-ishop.loc\vendor\wfm\Router.php | Строка: 69
=================
[2023-08-23 16:21:11] Текст ошибки: htmlspecialchars(): Passing null to parameter #1 ($string) of type string is deprecated | Файл: C:\OSPanel\domains\new-ishop.loc\vendor\wfm\helpers\functions.php | Строка: 13
=================
[2023-08-23 16:21:36] Текст ошибки: htmlspecialchars(): Passing null to parameter #1 ($string) of type string is deprecated | Файл: C:\OSPanel\domains\new-ishop.loc\vendor\wfm\helpers\functions.php | Строка: 13
=================
[2023-08-23 16:22:00] Текст ошибки: htmlspecialchars(): Passing null to parameter #1 ($string) of type string is deprecated | Файл: C:\OSPanel\domains\new-ishop.loc\vendor\wfm\helpers\functions.php | Строка: 13
=================
[2023-08-23 16:25:14] Текст ошибки: Страница не найдена | Файл: C:\OSPanel\domains\new-ishop.loc\vendor\wfm\Router.php | Строка: 69
=================
[2023-08-23 16:26:48] Текст ошибки: htmlspecialchars(): Passing null to parameter #1 ($string) of type string is deprecated | Файл: C:\OSPanel\domains\new-ishop.loc\vendor\wfm\helpers\functions.php | Строка: 13
=================
[2023-08-23 16:27:31] Текст ошибки: syntax error, unexpected token ";", expecting ")" | Файл: C:\OSPanel\domains\new-ishop.loc\app\views\Product\view.php | Строка: 60
=================
[2023-08-23 16:28:30] Текст ошибки: htmlspecialchars(): Passing null to parameter #1 ($string) of type string is deprecated | Файл: C:\OSPanel\domains\new-ishop.loc\vendor\wfm\helpers\functions.php | Строка: 13
=================
[2023-08-23 16:28:43] Текст ошибки: htmlspecialchars(): Passing null to parameter #1 ($string) of type string is deprecated | Файл: C:\OSPanel\domains\new-ishop.loc\vendor\wfm\helpers\functions.php | Строка: 13
=================
[2023-08-23 16:28:53] Текст ошибки: htmlspecialchars(): Passing null to parameter #1 ($string) of type string is deprecated | Файл: C:\OSPanel\domains\new-ishop.loc\vendor\wfm\helpers\functions.php | Строка: 13
=================
[2023-08-23 16:28:54] Текст ошибки: htmlspecialchars(): Passing null to parameter #1 ($string) of type string is deprecated | Файл: C:\OSPanel\domains\new-ishop.loc\vendor\wfm\helpers\functions.php | Строка: 13
=================
[2023-08-23 16:28:54] Текст ошибки: htmlspecialchars(): Passing null to parameter #1 ($string) of type string is deprecated | Файл: C:\OSPanel\domains\new-ishop.loc\vendor\wfm\helpers\functions.php | Строка: 13
=================
[2023-08-23 16:28:55] Текст ошибки: htmlspecialchars(): Passing null to parameter #1 ($string) of type string is deprecated | Файл: C:\OSPanel\domains\new-ishop.loc\vendor\wfm\helpers\functions.php | Строка: 13
=================
[2023-08-23 16:28:55] Текст ошибки: htmlspecialchars(): Passing null to parameter #1 ($string) of type string is deprecated | Файл: C:\OSPanel\domains\new-ishop.loc\vendor\wfm\helpers\functions.php | Строка: 13
=================
[2023-08-23 16:28:55] Текст ошибки: htmlspecialchars(): Passing null to parameter #1 ($string) of type string is deprecated | Файл: C:\OSPanel\domains\new-ishop.loc\vendor\wfm\helpers\functions.php | Строка: 13
=================
[2023-08-23 16:30:26] Текст ошибки: htmlspecialchars(): Passing null to parameter #1 ($string) of type string is deprecated | Файл: C:\OSPanel\domains\new-ishop.loc\vendor\wfm\helpers\functions.php | Строка: 13
=================
[2023-08-23 16:31:47] Текст ошибки: htmlspecialchars(): Passing null to parameter #1 ($string) of type string is deprecated | Файл: C:\OSPanel\domains\new-ishop.loc\vendor\wfm\helpers\functions.php | Строка: 13
=================
[2023-08-23 16:32:32] Текст ошибки: Undefined variable $str | Файл: C:\OSPanel\domains\new-ishop.loc\app\widgets\language\Language.php | Строка: 35
=================
[2023-08-23 16:32:33] Текст ошибки: Undefined variable $str | Файл: C:\OSPanel\domains\new-ishop.loc\app\widgets\language\Language.php | Строка: 35
=================
[2023-08-23 16:33:53] Текст ошибки: htmlspecialchars(): Passing null to parameter #1 ($string) of type string is deprecated | Файл: C:\OSPanel\domains\new-ishop.loc\vendor\wfm\helpers\functions.php | Строка: 13
=================
[2023-08-24 20:36:04] Текст ошибки: Undefined variable $breadcrumbs | Файл: C:\OSPanel\domains\new-ishop.loc\app\views\Product\view.php | Строка: 10
=================
[2023-08-25 11:40:44] Текст ошибки: Undefined array key "category_id" | Файл: C:\OSPanel\domains\new-ishop.loc\app\controllers\ProductController.php | Строка: 23
=================
[2023-09-01 17:23:33] Текст ошибки: Метод app\controllers\WishlistController::deleteAction не найден | Файл: C:\OSPanel\domains\new-ishop.loc\vendor\wfm\Router.php | Строка: 62
=================
[2023-09-01 17:23:33] Текст ошибки: Страница не найдена | Файл: C:\OSPanel\domains\new-ishop.loc\vendor\wfm\Router.php | Строка: 69
=================
[2023-09-04 09:53:52] Текст ошибки: Страница не найдена | Файл: C:\OSPanel\domains\new-ishop.loc\vendor\wfm\Router.php | Строка: 69
=================
[2023-09-06 15:48:03] Текст ошибки: Метод app\controllers\UserController::loginAction не найден | Файл: C:\OSPanel\domains\new-ishop.loc\vendor\wfm\Router.php | Строка: 62
=================
[2023-09-06 15:48:03] Текст ошибки: Страница не найдена | Файл: C:\OSPanel\domains\new-ishop.loc\vendor\wfm\Router.php | Строка: 69
=================
[2023-09-07 18:26:23] Текст ошибки: Class "Valitron\Validator" not found | Файл: C:\OSPanel\domains\new-ishop.loc\vendor\wfm\Model.php | Строка: 32
=================
[2023-09-07 18:31:10] Текст ошибки: SQLSTATE[23000]: Integrity constraint violation: 1048 Column 'id' cannot be null | Файл: C:\OSPanel\domains\new-ishop.loc\vendor\gabordemooij\redbean\RedBeanPHP\Driver\RPDO.php | Строка: 206
=================
[2023-09-11 17:09:00] Текст ошибки: Страница не найдена | Файл: C:\OSPanel\domains\new-ishop.loc\vendor\wfm\Router.php | Строка: 69
=================
[2023-09-13 14:45:01] Текст ошибки: Не найден вид C:\OSPanel\domains\new-ishop.loc/app/views/User/cabinet.php | Файл: C:\OSPanel\domains\new-ishop.loc\vendor\wfm\View.php | Строка: 39
=================
[2023-09-18 17:14:04] Текст ошибки: Не найден вид C:\OSPanel\domains\new-ishop.loc/app/views/User/credentials.php | Файл: C:\OSPanel\domains\new-ishop.loc\vendor\wfm\View.php | Строка: 39
=================
[2023-09-18 17:14:04] Текст ошибки: Страница не найдена | Файл: C:\OSPanel\domains\new-ishop.loc\vendor\wfm\Router.php | Строка: 69
=================
[2023-09-19 13:38:48] Текст ошибки: Страница не найдена | Файл: C:\OSPanel\domains\new-ishop.loc\vendor\wfm\Router.php | Строка: 69
=================
[2023-09-19 13:38:48] Текст ошибки: Страница не найдена | Файл: C:\OSPanel\domains\new-ishop.loc\vendor\wfm\Router.php | Строка: 69
=================
[2023-09-19 13:38:48] Текст ошибки: Страница не найдена | Файл: C:\OSPanel\domains\new-ishop.loc\vendor\wfm\Router.php | Строка: 69
=================
[2023-09-19 13:38:48] Текст ошибки: Страница не найдена | Файл: C:\OSPanel\domains\new-ishop.loc\vendor\wfm\Router.php | Строка: 69
=================
[2023-09-19 13:38:48] Текст ошибки: Страница не найдена | Файл: C:\OSPanel\domains\new-ishop.loc\vendor\wfm\Router.php | Строка: 69
=================
[2023-09-19 13:38:48] Текст ошибки: Страница не найдена | Файл: C:\OSPanel\domains\new-ishop.loc\vendor\wfm\Router.php | Строка: 69
=================
[2023-09-19 13:38:48] Текст ошибки: Страница не найдена | Файл: C:\OSPanel\domains\new-ishop.loc\vendor\wfm\Router.php | Строка: 69
=================
[2023-09-19 13:38:48] Текст ошибки: Страница не найдена | Файл: C:\OSPanel\domains\new-ishop.loc\vendor\wfm\Router.php | Строка: 69
=================
[2023-09-19 13:38:48] Текст ошибки: Страница не найдена | Файл: C:\OSPanel\domains\new-ishop.loc\vendor\wfm\Router.php | Строка: 69
=================
[2023-09-19 13:38:48] Текст ошибки: Страница не найдена | Файл: C:\OSPanel\domains\new-ishop.loc\vendor\wfm\Router.php | Строка: 69
=================
[2023-09-19 13:38:48] Текст ошибки: Страница не найдена | Файл: C:\OSPanel\domains\new-ishop.loc\vendor\wfm\Router.php | Строка: 69
=================
[2023-09-19 13:38:48] Текст ошибки: Страница не найдена | Файл: C:\OSPanel\domains\new-ishop.loc\vendor\wfm\Router.php | Строка: 69
=================
[2023-09-19 13:38:48] Текст ошибки: Страница не найдена | Файл: C:\OSPanel\domains\new-ishop.loc\vendor\wfm\Router.php | Строка: 69
=================
[2023-09-20 19:08:57] Текст ошибки: Trying to access array offset on value of type null | Файл: C:\OSPanel\domains\new-ishop.loc\app\widgets\language\lang_tpl.php | Строка: 3
=================
[2023-09-20 19:09:07] Текст ошибки: Trying to access array offset on value of type null | Файл: C:\OSPanel\domains\new-ishop.loc\app\widgets\language\lang_tpl.php | Строка: 3
=================
[2023-09-20 19:11:46] Текст ошибки: foreach() argument must be of type array|object, null given | Файл: C:\OSPanel\domains\new-ishop.loc\app\widgets\menu\Menu.php | Строка: 75
=================
[2023-09-20 19:20:48] Текст ошибки: foreach() argument must be of type array|object, null given | Файл: C:\OSPanel\domains\new-ishop.loc\app\widgets\menu\Menu.php | Строка: 75
=================
[2023-09-20 19:22:15] Текст ошибки: foreach() argument must be of type array|object, null given | Файл: C:\OSPanel\domains\new-ishop.loc\app\widgets\menu\Menu.php | Строка: 79
=================
[2023-09-20 19:22:16] Текст ошибки: foreach() argument must be of type array|object, null given | Файл: C:\OSPanel\domains\new-ishop.loc\app\widgets\menu\Menu.php | Строка: 79
=================
[2023-09-20 19:22:17] Текст ошибки: foreach() argument must be of type array|object, null given | Файл: C:\OSPanel\domains\new-ishop.loc\app\widgets\menu\Menu.php | Строка: 79
=================
[2023-09-20 19:22:18] Текст ошибки: foreach() argument must be of type array|object, null given | Файл: C:\OSPanel\domains\new-ishop.loc\app\widgets\menu\Menu.php | Строка: 79
=================
